<?xml version="1.0" encoding="UTF-8"?>
<!-- Generated by org.testng.reporters.JUnitXMLReporter -->
<testsuite ignored="0" hostname="DESKTOP-CNH57O0" failures="0" tests="3" name="Surefire test" time="45.71" errors="0" timestamp="2025-05-13T21:47:06 WEST">
  <testcase classname="MohamedHafdi.Tests.SubmitOrderTest" name="submitOrder" time="6.576"/>
  <testcase classname="MohamedHafdi.Tests.SubmitOrderTest" name="CartPage" time="4.946"/>
  <testcase classname="MohamedHafdi.Tests.SubmitOrderTest" name="orderHistoryTest" time="1.627"/>
</testsuite> <!-- Surefire test -->
