<?xml version="1.0" encoding="UTF-8"?>
<!-- Generated by org.testng.reporters.JUnitXMLReporter -->
<testsuite ignored="3" hostname="DESKTOP-CNH57O0" failures="0" tests="0" time="0.02" errors="0" timestamp="2025-05-12T16:03:47 WEST">
  <testcase classname="MohamedHafdi.Tests.SubmitOrderTest" name="orderHistoryTest" time="0.0">
    <ignored/>
  </testcase> <!-- orderHistoryTest -->
  <testcase classname="MohamedHafdi.Tests.SubmitOrderTest" name="CartPage" time="0.0">
    <ignored/>
  </testcase> <!-- CartPage -->
  <testcase classname="MohamedHafdi.Tests.SubmitOrderTest" name="submitOrder" time="0.0">
    <ignored/>
  </testcase> <!-- submitOrder -->
</testsuite>
