<?xml version="1.0" encoding="UTF-8"?>
<!-- Generated by org.testng.reporters.JUnitXMLReporter -->
<testsuite ignored="0" hostname="DESKTOP-CNH57O0" failures="0" tests="3" name="Submit Order Test" time="56.315" errors="0" timestamp="2025-05-14T00:10:54 WEST">
  <testcase classname="MohamedHafdi.Tests.SubmitOrderTest" name="CartPage" time="5.939"/>
  <testcase classname="MohamedHafdi.Tests.SubmitOrderTest" name="submitOrder" time="6.893"/>
  <testcase classname="MohamedHafdi.Tests.SubmitOrderTest" name="orderHistoryTest" time="1.96"/>
</testsuite> <!-- Submit Order Test -->
